<?xml version="1.0" encoding="UTF-8"?>
<!-- Generated by org.testng.reporters.JUnitReportReporter -->
<testsuite skipped="0" hostname="LP-PF1VMDKQ" name="test.DraggableTest" tests="2" failures="0" timestamp="28 Mar 2021 05:53:58 GMT" time="3.999" errors="0">
  <testcase name="testLaunchDraggablePage" time="3.639" classname="test.DraggableTest"/>
  <testcase name="dragElement" time="0.360" classname="test.DraggableTest"/>
</testsuite> <!-- test.DraggableTest -->
