<?xml version="1.0" encoding="UTF-8"?>
<!-- Generated by org.testng.reporters.JUnitReportReporter -->
<testsuite skipped="7" hostname="LP-PF1VMDKQ" name="test.ActionsTest" tests="8" failures="0" timestamp="10 Mar 2021 10:01:07 GMT" time="0.040" errors="1">
  <testcase name="testMoveToElement" time="0.000" classname="test.ActionsTest">
    <skipped/>
  </testcase> <!-- testMoveToElement -->
  <testcase name="testDragAndDrop" time="0.000" classname="test.ActionsTest">
    <skipped/>
  </testcase> <!-- testDragAndDrop -->
  <testcase name="beforeSuite" time="0.040" classname="test.ActionsTest">
    <error type="java.lang.NullPointerException">
      <![CDATA[java.lang.NullPointerException
at java.util.Objects.requireNonNull(Objects.java:203)
at org.openqa.selenium.interactions.Actions.<init>(Actions.java:65)
at Utilities.WebElementActions.<init>(WebElementActions.java:14)
at pages.ActionsPage.<init>(ActionsPage.java:34)
at test.ActionsTest.beforeSuite(ActionsTest.java:17)
at sun.reflect.NativeMethodAccessorImpl.invoke0(Native Method)
at sun.reflect.NativeMethodAccessorImpl.invoke(NativeMethodAccessorImpl.java:62)
at sun.reflect.DelegatingMethodAccessorImpl.invoke(DelegatingMethodAccessorImpl.java:43)
at java.lang.reflect.Method.invoke(Method.java:498)
at org.testng.internal.MethodInvocationHelper.invokeMethod(MethodInvocationHelper.java:124)
at org.testng.internal.MethodInvocationHelper.invokeMethodConsideringTimeout(MethodInvocationHelper.java:59)
at org.testng.internal.Invoker.invokeConfigurationMethod(Invoker.java:458)
at org.testng.internal.Invoker.invokeConfigurations(Invoker.java:222)
at org.testng.internal.Invoker.invokeConfigurations(Invoker.java:142)
at org.testng.SuiteRunner.privateRun(SuiteRunner.java:401)
at org.testng.SuiteRunner.run(SuiteRunner.java:364)
at org.testng.SuiteRunnerWorker.runSuite(SuiteRunnerWorker.java:52)
at org.testng.SuiteRunnerWorker.run(SuiteRunnerWorker.java:84)
at org.testng.TestNG.runSuitesSequentially(TestNG.java:1208)
at org.testng.TestNG.runSuitesLocally(TestNG.java:1137)
at org.testng.TestNG.runSuites(TestNG.java:1049)
at org.testng.TestNG.run(TestNG.java:1017)
at org.testng.remote.AbstractRemoteTestNG.run(AbstractRemoteTestNG.java:114)
at org.testng.remote.RemoteTestNG.initAndRun(RemoteTestNG.java:251)
at org.testng.remote.RemoteTestNG.main(RemoteTestNG.java:77)
]]>
    </error>
  </testcase> <!-- beforeSuite -->
  <testcase name="testSwitchTab" time="0.000" classname="test.ActionsTest">
    <skipped/>
  </testcase> <!-- testSwitchTab -->
  <testcase name="testContextClick" time="0.000" classname="test.ActionsTest">
    <skipped/>
  </testcase> <!-- testContextClick -->
  <testcase name="testDoubleClick" time="0.000" classname="test.ActionsTest">
    <skipped/>
  </testcase> <!-- testDoubleClick -->
  <testcase name="testSendText" time="0.000" classname="test.ActionsTest">
    <skipped/>
  </testcase> <!-- testSendText -->
  <testcase name="testMouseHover" time="0.000" classname="test.ActionsTest">
    <skipped/>
  </testcase> <!-- testMouseHover -->
</testsuite> <!-- test.ActionsTest -->
