<?xml version="1.0" encoding="UTF-8"?>
<!-- Generated by org.testng.reporters.JUnitReportReporter -->
<testsuite skipped="0" hostname="LP-PF1VMDKQ" name="test.DoubleClickTest" tests="3" failures="0" timestamp="28 Mar 2021 05:52:57 GMT" time="3.758" errors="0">
  <testcase name="rightClkElement" time="0.176" classname="test.DoubleClickTest"/>
  <testcase name="testLaunchButtonsPage" time="3.368" classname="test.DoubleClickTest"/>
  <testcase name="dblClckElement" time="0.214" classname="test.DoubleClickTest"/>
</testsuite> <!-- test.DoubleClickTest -->
