<?xml version="1.0" encoding="UTF-8"?>
<!-- Generated by org.testng.reporters.JUnitReportReporter -->
<testsuite skipped="0" hostname="LP-PF1VMDKQ" name="test.SendInputTest" tests="2" failures="0" timestamp="28 Mar 2021 06:00:57 GMT" time="3.568" errors="0">
  <testcase name="testLaunchTextPage" time="3.288" classname="test.SendInputTest"/>
  <testcase name="sendInputElementTest" time="0.280" classname="test.SendInputTest"/>
</testsuite> <!-- test.SendInputTest -->
