<?xml version="1.0" encoding="UTF-8"?>
<!-- Generated by org.testng.reporters.JUnitReportReporter -->
<testsuite skipped="0" hostname="LP-PF1VMDKQ" name="test.HomePageTest" tests="3" failures="0" timestamp="28 Mar 2021 05:54:55 GMT" time="5.194" errors="0">
  <testcase name="launchInteractions" time="0.275" classname="test.HomePageTest"/>
  <testcase name="testLaunchHomePage" time="4.742" classname="test.HomePageTest"/>
  <testcase name="moveToElement" time="0.177" classname="test.HomePageTest"/>
</testsuite> <!-- test.HomePageTest -->
