<?xml version="1.0" encoding="UTF-8"?>
<!-- Generated by org.testng.reporters.JUnitReportReporter -->
<testsuite skipped="0" hostname="LP-PF1VMDKQ" name="test.ExtentReportsDemo" tests="1" failures="0" timestamp="19 Mar 2021 06:43:05 GMT" time="6.892" errors="0">
  <testcase name="extentReportsDemo" time="6.892" classname="test.ExtentReportsDemo"/>
</testsuite> <!-- test.ExtentReportsDemo -->
