<?xml version="1.0" encoding="UTF-8"?>
<!-- Generated by org.testng.reporters.JUnitReportReporter -->
<testsuite skipped="0" hostname="LP-PF1VMDKQ" name="test.SwitchTabTest" tests="3" failures="0" timestamp="28 Mar 2021 06:04:52 GMT" time="3.911" errors="0">
  <testcase name="launchTab" time="0.161" classname="test.SwitchTabTest"/>
  <testcase name="testSwitchTabPage" time="3.138" classname="test.SwitchTabTest"/>
  <testcase name="launchChildWindow" time="0.612" classname="test.SwitchTabTest"/>
</testsuite> <!-- test.SwitchTabTest -->
