<?xml version="1.0" encoding="UTF-8"?>
<!-- Generated by org.testng.reporters.JUnitReportReporter -->
<testsuite skipped="0" hostname="LP-PF1VMDKQ" name="test.MouseHoverTest" tests="2" failures="0" timestamp="28 Mar 2021 05:59:45 GMT" time="3.445" errors="0">
  <testcase name="mouseHoverElement" time="0.215" classname="test.MouseHoverTest"/>
  <testcase name="testLaunchMouseHoverPage" time="3.230" classname="test.MouseHoverTest"/>
</testsuite> <!-- test.MouseHoverTest -->
